Using pre-set license
Built from '2020.3/staging' branch; Version is '2020.3.9f1 (108be757e447) revision 1084391'; Using compiler version '192528614'; Build Type 'Release'
OS: 'Windows 10 Pro; OS build 19042.1052; Version 2009; 64bit' Language: 'en' Physical Memory: 16256 MB
BatchMode: 1, IsHumanControllingUs: 0, StartBugReporterOnCrash: 0, Is64bit: 1, IsPro: 0

 COMMAND LINE ARGUMENTS:
C:\Program Files\Unity\Hub\Editor\2020.3.9f1\Editor\Unity.exe
-adb2
-batchMode
-noUpm
-name
AssetImportWorker2
-projectPath
C:/Users/user/Desktop/unityGame
-logFile
Logs/AssetImportWorker2.log
-srvPort
58685
Successfully changed project path to: C:/Users/user/Desktop/unityGame
C:/Users/user/Desktop/unityGame
Using Asset Import Pipeline V2.
Refreshing native plugins compatible for Editor in 544.54 ms, found 2 plugins.
Preloading 0 native plugins for Editor in 0.00 ms.
Initialize engine version: 2020.3.9f1 (108be757e447)
[Subsystems] Discovering subsystems at path C:/Program Files/Unity/Hub/Editor/2020.3.9f1/Editor/Data/Resources/UnitySubsystems
[Subsystems] Discovering subsystems at path C:/Users/user/Desktop/unityGame/Assets
GfxDevice: creating device client; threaded=0
Direct3D:
    Version:  Direct3D 11.0 [level 11.1]
    Renderer: Intel(R) HD Graphics 5500 (ID=0x1616)
    Vendor:   
    VRAM:     8128 MB
    Driver:   20.19.15.4835
Initialize mono
Mono path[0] = 'C:/Program Files/Unity/Hub/Editor/2020.3.9f1/Editor/Data/Managed'
Mono path[1] = 'C:/Program Files/Unity/Hub/Editor/2020.3.9f1/Editor/Data/MonoBleedingEdge/lib/mono/unityjit'
Mono config path = 'C:/Program Files/Unity/Hub/Editor/2020.3.9f1/Editor/Data/MonoBleedingEdge/etc'
Using monoOptions --debugger-agent=transport=dt_socket,embedding=1,server=y,suspend=n,address=127.0.0.1:56600
Begin MonoManager ReloadAssembly
Registering precompiled unity dll's ...
Register platform support module: C:/Program Files/Unity/Hub/Editor/2020.3.9f1/Editor/Data/PlaybackEngines/WebGLSupport/UnityEditor.WebGL.Extensions.dll
Register platform support module: C:/Program Files/Unity/Hub/Editor/2020.3.9f1/Editor/Data/PlaybackEngines/WindowsStandaloneSupport/UnityEditor.WindowsStandalone.Extensions.dll
Registered in 0.010631 seconds.
Native extension for WindowsStandalone target not found
Native extension for WebGL target not found
Refreshing native plugins compatible for Editor in 213.18 ms, found 2 plugins.
Preloading 0 native plugins for Editor in 0.00 ms.
Mono: successfully reloaded assembly
- Completed reload, in  6.176 seconds
Platform modules already initialized, skipping
Registering precompiled user dll's ...
Registered in 0.017331 seconds.
Begin MonoManager ReloadAssembly
Native extension for WindowsStandalone target not found
Native extension for WebGL target not found
Refreshing native plugins compatible for Editor in 198.84 ms, found 2 plugins.
Preloading 0 native plugins for Editor in 0.00 ms.
Mono: successfully reloaded assembly
- Completed reload, in  7.739 seconds
Platform modules already initialized, skipping
========================================================================
Worker process is ready to serve import requests
Launched and connected shader compiler UnityShaderCompiler.exe after 0.39 seconds
Refreshing native plugins compatible for Editor in 1.78 ms, found 2 plugins.
Preloading 0 native plugins for Editor in 0.00 ms.
Unloading 2239 Unused Serialized files (Serialized files now loaded: 0)
System memory in use before: 111.8 MB.
System memory in use after: 112.0 MB.

Unloading 114 unused Assets to reduce memory usage. Loaded Objects now: 2692.
Total: 11.865800 ms (FindLiveObjects: 0.579900 ms CreateObjectMapping: 0.340800 ms MarkObjects: 10.144900 ms  DeleteObjects: 0.796000 ms)

========================================================================
Received Import Request.
  path: Assets/Scenes/MyGame.unity
  artifactKey: Guid(0fc1a7bf2bd830e40927254533fc3006) Importer(815301076,1909f56bfc062723c751e8b465ee728b)
Start importing Assets/Scenes/MyGame.unity using Guid(0fc1a7bf2bd830e40927254533fc3006) Importer(815301076,1909f56bfc062723c751e8b465ee728b)  -> (artifact id: 'c6a920dd3a440a12f92f9ff278580740') in 0.052752 seconds
  Import took 0.075437 seconds .

========================================================================
Received Import Request.
  Time since last request: 7.826603 seconds.
  path: Assets/Scenes/Menu.unity
  artifactKey: Guid(adf47c960066a114f8ac4f20efe8a392) Importer(815301076,1909f56bfc062723c751e8b465ee728b)
Start importing Assets/Scenes/Menu.unity using Guid(adf47c960066a114f8ac4f20efe8a392) Importer(815301076,1909f56bfc062723c751e8b465ee728b)  -> (artifact id: '91c43a24a7e8076b834d104f46e306c8') in 0.071949 seconds
  Import took 0.090737 seconds .

========================================================================
Received Import Request.
  Time since last request: 52.558647 seconds.
  path: Assets/Scenes/MyGame 1.unity
  artifactKey: Guid(93600dd37be69f041a43d0499384247e) Importer(815301076,1909f56bfc062723c751e8b465ee728b)
Start importing Assets/Scenes/MyGame 1.unity using Guid(93600dd37be69f041a43d0499384247e) Importer(815301076,1909f56bfc062723c751e8b465ee728b)  -> (artifact id: 'e243fa747edf6cdf670684837f5b9f97') in 0.064845 seconds
  Import took 0.114113 seconds .

========================================================================
Received Prepare
Registering precompiled user dll's ...
Registered in 0.020434 seconds.
Begin MonoManager ReloadAssembly
Native extension for WindowsStandalone target not found
Native extension for WebGL target not found
Refreshing native plugins compatible for Editor in 1.41 ms, found 2 plugins.
Preloading 0 native plugins for Editor in 0.00 ms.
Warning: Annotation not found!
UnityEngine.StackTraceUtility:ExtractStackTrace ()
UnityEditor.ProBuilder.EditorUtility:SetGizmoIconEnabled (System.Type,bool) (at Library/PackageCache/com.unity.probuilder@4.5.0/Editor/EditorCore/EditorUtility.cs:593)
UnityEditor.ProBuilder.HierarchyListener:.cctor () (at Library/PackageCache/com.unity.probuilder@4.5.0/Editor/EditorCore/HierarchyListener.cs:21)
System.Runtime.CompilerServices.RuntimeHelpers:RunClassConstructor (System.RuntimeTypeHandle)
UnityEditor.EditorAssemblies:ProcessInitializeOnLoadAttributes (System.Type[])

[Library/PackageCache/com.unity.probuilder@4.5.0/Editor/EditorCore/EditorUtility.cs line 593]

Mono: successfully reloaded assembly
- Completed reload, in  7.914 seconds
Platform modules already initialized, skipping
Refreshing native plugins compatible for Editor in 2.58 ms, found 2 plugins.
Preloading 0 native plugins for Editor in 0.00 ms.
Unloading 2197 Unused Serialized files (Serialized files now loaded: 0)
System memory in use before: 108.9 MB.
System memory in use after: 109.0 MB.

Unloading 14 unused Assets to reduce memory usage. Loaded Objects now: 2695.
Total: 9.919000 ms (FindLiveObjects: 0.490500 ms CreateObjectMapping: 0.292700 ms MarkObjects: 9.066000 ms  DeleteObjects: 0.065800 ms)

========================================================================
Received Import Request.
  Time since last request: 141.595131 seconds.
  path: Assets/Scenes/MyGame 1.unity
  artifactKey: Guid(93600dd37be69f041a43d0499384247e) Importer(815301076,1909f56bfc062723c751e8b465ee728b)
Start importing Assets/Scenes/MyGame 1.unity using Guid(93600dd37be69f041a43d0499384247e) Importer(815301076,1909f56bfc062723c751e8b465ee728b)  -> (artifact id: '25c660f937c7fae180a726216be646df') in 0.048398 seconds
  Import took 0.111674 seconds .

========================================================================
Received Prepare
Registering precompiled user dll's ...
Registered in 0.016001 seconds.
Begin MonoManager ReloadAssembly
Native extension for WindowsStandalone target not found
Native extension for WebGL target not found
Refreshing native plugins compatible for Editor in 1.42 ms, found 2 plugins.
Preloading 0 native plugins for Editor in 0.00 ms.
Warning: Annotation not found!
UnityEngine.StackTraceUtility:ExtractStackTrace ()
UnityEditor.ProBuilder.EditorUtility:SetGizmoIconEnabled (System.Type,bool) (at Library/PackageCache/com.unity.probuilder@4.5.0/Editor/EditorCore/EditorUtility.cs:593)
UnityEditor.ProBuilder.HierarchyListener:.cctor () (at Library/PackageCache/com.unity.probuilder@4.5.0/Editor/EditorCore/HierarchyListener.cs:21)
System.Runtime.CompilerServices.RuntimeHelpers:RunClassConstructor (System.RuntimeTypeHandle)
UnityEditor.EditorAssemblies:ProcessInitializeOnLoadAttributes (System.Type[])

[Library/PackageCache/com.unity.probuilder@4.5.0/Editor/EditorCore/EditorUtility.cs line 593]

Mono: successfully reloaded assembly
- Completed reload, in  5.744 seconds
Platform modules already initialized, skipping
Refreshing native plugins compatible for Editor in 2.34 ms, found 2 plugins.
Preloading 0 native plugins for Editor in 0.00 ms.
Unloading 2197 Unused Serialized files (Serialized files now loaded: 0)
System memory in use before: 108.9 MB.
System memory in use after: 109.0 MB.

Unloading 14 unused Assets to reduce memory usage. Loaded Objects now: 2698.
Total: 21.472000 ms (FindLiveObjects: 1.028200 ms CreateObjectMapping: 1.976300 ms MarkObjects: 18.291000 ms  DeleteObjects: 0.169900 ms)

========================================================================
Received Import Request.
  Time since last request: 71.048368 seconds.
  path: Assets/Scenes/MyGame.unity
  artifactKey: Guid(0fc1a7bf2bd830e40927254533fc3006) Importer(815301076,1909f56bfc062723c751e8b465ee728b)
Start importing Assets/Scenes/MyGame.unity using Guid(0fc1a7bf2bd830e40927254533fc3006) Importer(815301076,1909f56bfc062723c751e8b465ee728b)  -> (artifact id: '8107f5cf77f44cef4300c37f0b720c7b') in 0.041762 seconds
  Import took 0.076986 seconds .

========================================================================
Received Import Request.
  Time since last request: 17.908001 seconds.
  path: Assets/Scenes/MyGame 1.unity
  artifactKey: Guid(93600dd37be69f041a43d0499384247e) Importer(815301076,1909f56bfc062723c751e8b465ee728b)
Start importing Assets/Scenes/MyGame 1.unity using Guid(93600dd37be69f041a43d0499384247e) Importer(815301076,1909f56bfc062723c751e8b465ee728b)  -> (artifact id: '7f414c8e4fbcde3bb8e0f274cd85431d') in 0.089008 seconds
  Import took 0.109392 seconds .

========================================================================
Received Prepare
Registering precompiled user dll's ...
Registered in 0.022172 seconds.
Begin MonoManager ReloadAssembly
Native extension for WindowsStandalone target not found
Native extension for WebGL target not found
Refreshing native plugins compatible for Editor in 1.65 ms, found 2 plugins.
Preloading 0 native plugins for Editor in 0.00 ms.
Warning: Annotation not found!
UnityEngine.StackTraceUtility:ExtractStackTrace ()
UnityEditor.ProBuilder.EditorUtility:SetGizmoIconEnabled (System.Type,bool) (at Library/PackageCache/com.unity.probuilder@4.5.0/Editor/EditorCore/EditorUtility.cs:593)
UnityEditor.ProBuilder.HierarchyListener:.cctor () (at Library/PackageCache/com.unity.probuilder@4.5.0/Editor/EditorCore/HierarchyListener.cs:21)
System.Runtime.CompilerServices.RuntimeHelpers:RunClassConstructor (System.RuntimeTypeHandle)
UnityEditor.EditorAssemblies:ProcessInitializeOnLoadAttributes (System.Type[])

[Library/PackageCache/com.unity.probuilder@4.5.0/Editor/EditorCore/EditorUtility.cs line 593]

Mono: successfully reloaded assembly
- Completed reload, in  5.469 seconds
Platform modules already initialized, skipping
Refreshing native plugins compatible for Editor in 2.36 ms, found 2 plugins.
Preloading 0 native plugins for Editor in 0.00 ms.
Unloading 2197 Unused Serialized files (Serialized files now loaded: 0)
System memory in use before: 108.9 MB.
System memory in use after: 109.1 MB.

Unloading 14 unused Assets to reduce memory usage. Loaded Objects now: 2701.
Total: 8.912700 ms (FindLiveObjects: 0.509800 ms CreateObjectMapping: 0.323300 ms MarkObjects: 8.009200 ms  DeleteObjects: 0.066500 ms)

AssetImportWorkerClient::OnTransportError - code=2 error=End of file
